


ARM Macro Assembler    Page 1 


    1 00000000 40023800 
                       RCC_BASE
                               EQU              0x40023800  ; RCC start adress
    2 00000000 40023830 
                       RCC_AHB1ENR
                               EQU              0x40023830  ; RCC_BASE + 0x30 w
                                                            hich is the memroy 
                                                            offset for AHB1ENR
    3 00000000 40020C00 
                       GPIOD_BASE
                               EQU              0x40020C00
    4 00000000 40020C00 
                       GPIOD_MODER
                               EQU              GPIOD_BASE
    5 00000000 40020C14 
                       GPIOD_ODR
                               EQU              0x40020C14  ; GPIOD_BASE + 0x14
                                                             which is output da
                                                            ta register for por
                                                            t D
    6 00000000         
    7 00000000 00000008 
                       GPIODEN EQU              1 << 3
    8 00000000         
    9 00000000 00001000 
                       LED_GREEN
                               EQU              1 << 12
   10 00000000 00002000 
                       LED_ORANGE
                               EQU              1 << 13
   11 00000000 00004000 
                       LED_RED EQU              1 << 14
   12 00000000 00008000 
                       LED_BLUE
                               EQU              1 << 15
   13 00000000         
   14 00000000 01000000 
                       MODER12_OUT
                               EQU              1 << 24     ; Set pin 12 as an 
                                                            output
   15 00000000 04000000 
                       MODER13_OUT
                               EQU              1 << 26
   16 00000000 10000000 
                       MODER14_OUT
                               EQU              1 << 28
   17 00000000 40000000 
                       MODER15_OUT
                               EQU              1 << 30
   18 00000000         
   19 00000000 0000000F 
                       DELAY   EQU              0x000F
   20 00000000         
   21 00000000 00516155 
                       ONESEC  EQU              5333333
   22 00000000 000411AB 
                       HSEC    EQU              266667      ; half second
   23 00000000 0001A0AB 
                       FSEC    EQU              106667      ; fifth of a second



ARM Macro Assembler    Page 2 


                                                            
   24 00000000         
   25 00000000         
   26 00000000                 AREA             |.text|,CODE,READONLY,ALIGN=2
   27 00000000                 THUMB
   28 00000000                 EXPORT           __main
   29 00000000         
   30 00000000         __main
   31 00000000 F000 F800       BL               GPIOD_Init
   32 00000004         
   33 00000004         GPIOD_Init
   34 00000004         ; Enable Clock access on port D
   35 00000004 4813            LDR              R0,=RCC_AHB1ENR ; R0 points to 
                                                            peripheral clock re
                                                            gister
   36 00000006 6801            LDR              R1,[R0]     ; Loads the content
                                                             of R0 (peripheral 
                                                            clock register) int
                                                            o R1
   37 00000008 F041 0108       ORR              R1,GPIODEN  ; RCC_AHB1ENR ORR 1
                                                             << 3, store the re
                                                            sults in R1
   38 0000000C 6001            STR              R1,[R0]     ; Store the content
                                                             of R1 into R0 (RCC
                                                            _AHB1ENR)
   39 0000000E         
   40 0000000E         ; Set the pins as output pins on port D by changing the 
                       mode register
   41 0000000E 4812            LDR              R0,=GPIOD_MODER ; R0 points to 
                                                            PORT D configuratio
                                                            n register
   42 00000010 F04F 41AA       LDR              R1,=(MODER12_OUT|MODER13_OUT|MO
DER14_OUT|MODER15_OUT) 
                                                            ; R1 points to pins
                                                             12,13,14,15 on the
                                                             configuration regi
                                                            ster
   43 00000014 6001            STR              R1,[R0]     ; Store pins 12,13,
                                                            14,15 into MODER
   44 00000016 F04F 0100       MOV              R1,#0       ; Clear R1    
   45 0000001A 4A10            LDR              R2,=GPIOD_ODR ; GPIOD output da
                                                            ta register
   46 0000001C         
   47 0000001C         Blink
   48 0000001C         ; Main blinking sequance
   49 0000001C F241 0100       MOVW             R1,#LED_GREEN ; Select the gree
                                                            n led
   50 00000020 6011            STR              R1,[R2]     ; Store the selecte
                                                            d led on the output
                                                             data register
   51 00000022 4B0F            LDR              R3,=ONESEC  ; Set delay amount
   52 00000024 F000 F813       BL               Delay
   53 00000028 F242 0100       MOVW             R1,#LED_ORANGE ; Select the gre
                                                            en led
   54 0000002C 6011            STR              R1,[R2]     ; Store the selecte
                                                            d led on the output
                                                             data register
   55 0000002E 4B0D            LDR              R3,=HSEC    ; Set delay amount
   56 00000030 F000 F80D       BL               Delay



ARM Macro Assembler    Page 3 


   57 00000034 F244 0100       MOVW             R1,#LED_RED ; Select the green 
                                                            led
   58 00000038 6011            STR              R1,[R2]     ; Store the selecte
                                                            d led on the output
                                                             data register
   59 0000003A 4B09            LDR              R3,=ONESEC  ; Set delay amount
   60 0000003C F000 F807       BL               Delay
   61 00000040 F248 0100       MOVW             R1,#LED_BLUE ; Select the green
                                                             led
   62 00000044 6011            STR              R1,[R2]     ; Store the selecte
                                                            d led on the output
                                                             data register
   63 00000046 4B08            LDR              R3,=FSEC    ; Set delay amount
   64 00000048 F000 F801       BL               Delay
   65 0000004C E7E6            B                Blink
   66 0000004E         
   67 0000004E         Delay
   68 0000004E         ; Delay function
   69 0000004E 1E5B            SUBS             R3,R3,#1    ; Substract 1 from 
                                                            R3 and store it in 
                                                            R3
   70 00000050 D1FD            BNE              Delay
   71 00000052 4770            BX               LR
   72 00000054                 ALIGN
   73 00000054                 END
              40023830 
              40020C00 
              40020C14 
              00516155 
              000411AB 
              0001A0AB 
Command Line: --debug --xref --diag_suppress=9931 --cpu=Cortex-M4.fp --apcs=int
erwork --depend=.\objects\main.d -o.\objects\main.o -I.\RTE\_STM32F4 -Ie:\dev\A
rm\Packs\ARM\CMSIS\5.5.1\CMSIS\Core\Include -Ie:\dev\Arm\Packs\Keil\STM32F4xx_D
FP\2.13.0\Drivers\CMSIS\Device\ST\STM32F4xx\Include --predefine="__EVAL SETA 1"
 --predefine="__UVISION_VERSION SETA 527" --predefine="_RTE_ SETA 1" --predefin
e="STM32F411xE SETA 1" --list=.\listings\main.lst main.s



ARM Macro Assembler    Page 1 Alphabetic symbol ordering
Relocatable symbols

.text 00000000

Symbol: .text
   Definitions
      At line 26 in file main.s
   Uses
      None
Comment: .text unused
Blink 0000001C

Symbol: Blink
   Definitions
      At line 47 in file main.s
   Uses
      At line 65 in file main.s
Comment: Blink used once
Delay 0000004E

Symbol: Delay
   Definitions
      At line 67 in file main.s
   Uses
      At line 52 in file main.s
      At line 56 in file main.s
      At line 60 in file main.s
      At line 64 in file main.s
      At line 70 in file main.s

GPIOD_Init 00000004

Symbol: GPIOD_Init
   Definitions
      At line 33 in file main.s
   Uses
      At line 31 in file main.s
Comment: GPIOD_Init used once
__main 00000000

Symbol: __main
   Definitions
      At line 30 in file main.s
   Uses
      At line 28 in file main.s
Comment: __main used once
5 symbols



ARM Macro Assembler    Page 1 Alphabetic symbol ordering
Absolute symbols

DELAY 0000000F

Symbol: DELAY
   Definitions
      At line 19 in file main.s
   Uses
      None
Comment: DELAY unused
FSEC 0001A0AB

Symbol: FSEC
   Definitions
      At line 23 in file main.s
   Uses
      At line 63 in file main.s
Comment: FSEC used once
GPIODEN 00000008

Symbol: GPIODEN
   Definitions
      At line 7 in file main.s
   Uses
      At line 37 in file main.s
Comment: GPIODEN used once
GPIOD_BASE 40020C00

Symbol: GPIOD_BASE
   Definitions
      At line 3 in file main.s
   Uses
      At line 4 in file main.s
Comment: GPIOD_BASE used once
GPIOD_MODER 40020C00

Symbol: GPIOD_MODER
   Definitions
      At line 4 in file main.s
   Uses
      At line 41 in file main.s
Comment: GPIOD_MODER used once
GPIOD_ODR 40020C14

Symbol: GPIOD_ODR
   Definitions
      At line 5 in file main.s
   Uses
      At line 45 in file main.s
Comment: GPIOD_ODR used once
HSEC 000411AB

Symbol: HSEC
   Definitions
      At line 22 in file main.s
   Uses
      At line 55 in file main.s
Comment: HSEC used once
LED_BLUE 00008000

Symbol: LED_BLUE



ARM Macro Assembler    Page 2 Alphabetic symbol ordering
Absolute symbols

   Definitions
      At line 12 in file main.s
   Uses
      At line 61 in file main.s
Comment: LED_BLUE used once
LED_GREEN 00001000

Symbol: LED_GREEN
   Definitions
      At line 9 in file main.s
   Uses
      At line 49 in file main.s
Comment: LED_GREEN used once
LED_ORANGE 00002000

Symbol: LED_ORANGE
   Definitions
      At line 10 in file main.s
   Uses
      At line 53 in file main.s
Comment: LED_ORANGE used once
LED_RED 00004000

Symbol: LED_RED
   Definitions
      At line 11 in file main.s
   Uses
      At line 57 in file main.s
Comment: LED_RED used once
MODER12_OUT 01000000

Symbol: MODER12_OUT
   Definitions
      At line 14 in file main.s
   Uses
      At line 42 in file main.s
Comment: MODER12_OUT used once
MODER13_OUT 04000000

Symbol: MODER13_OUT
   Definitions
      At line 15 in file main.s
   Uses
      At line 42 in file main.s
Comment: MODER13_OUT used once
MODER14_OUT 10000000

Symbol: MODER14_OUT
   Definitions
      At line 16 in file main.s
   Uses
      At line 42 in file main.s
Comment: MODER14_OUT used once
MODER15_OUT 40000000

Symbol: MODER15_OUT
   Definitions
      At line 17 in file main.s
   Uses



ARM Macro Assembler    Page 3 Alphabetic symbol ordering
Absolute symbols

      At line 42 in file main.s
Comment: MODER15_OUT used once
ONESEC 00516155

Symbol: ONESEC
   Definitions
      At line 21 in file main.s
   Uses
      At line 51 in file main.s
      At line 59 in file main.s

RCC_AHB1ENR 40023830

Symbol: RCC_AHB1ENR
   Definitions
      At line 2 in file main.s
   Uses
      At line 35 in file main.s
Comment: RCC_AHB1ENR used once
RCC_BASE 40023800

Symbol: RCC_BASE
   Definitions
      At line 1 in file main.s
   Uses
      None
Comment: RCC_BASE unused
18 symbols
360 symbols in table
